2026-02-26 07:54:36,683 INFO replay: test_data/beth/run_all_20260226_125316/train.evt1 -> localhost:50051 (pace=fast)
2026-02-26 07:54:36,684 INFO tqdm not installed; replaying without progress bar
2026-02-26 07:55:26,637 INFO replay: 10000 events sent
2026-02-26 07:56:08,026 INFO replay: 20000 events sent
2026-02-26 07:56:49,150 INFO replay: 30000 events sent
2026-02-26 07:57:29,748 INFO replay: 40000 events sent
2026-02-26 07:58:10,532 INFO replay: 50000 events sent
2026-02-26 07:58:51,875 INFO replay: 60000 events sent
2026-02-26 07:59:32,605 INFO replay: 70000 events sent
2026-02-26 08:00:13,674 INFO replay: 80000 events sent
2026-02-26 08:00:54,625 INFO replay: 90000 events sent
2026-02-26 08:01:35,681 INFO replay: 100000 events sent
2026-02-26 08:02:16,333 INFO replay: 110000 events sent
2026-02-26 08:02:57,626 INFO replay: 120000 events sent
2026-02-26 08:03:38,760 INFO replay: 130000 events sent
2026-02-26 08:04:19,633 INFO replay: 140000 events sent
2026-02-26 08:05:01,007 INFO replay: 150000 events sent
2026-02-26 08:05:42,142 INFO replay: 160000 events sent
2026-02-26 08:06:23,263 INFO replay: 170000 events sent
2026-02-26 08:07:04,429 INFO replay: 180000 events sent
2026-02-26 08:07:45,687 INFO replay: 190000 events sent
2026-02-26 08:08:26,428 INFO replay: 200000 events sent
2026-02-26 08:09:07,560 INFO replay: 210000 events sent
2026-02-26 08:09:48,738 INFO replay: 220000 events sent
2026-02-26 08:10:30,011 INFO replay: 230000 events sent
2026-02-26 08:11:11,102 INFO replay: 240000 events sent
2026-02-26 08:11:52,127 INFO replay: 250000 events sent
2026-02-26 08:12:33,343 INFO replay: 260000 events sent
2026-02-26 08:13:14,432 INFO replay: 270000 events sent
2026-02-26 08:13:55,378 INFO replay: 280000 events sent
2026-02-26 08:14:36,528 INFO replay: 290000 events sent
2026-02-26 08:15:17,804 INFO replay: 300000 events sent
2026-02-26 08:15:59,049 INFO replay: 310000 events sent
2026-02-26 08:16:40,083 INFO replay: 320000 events sent
2026-02-26 08:17:21,301 INFO replay: 330000 events sent
2026-02-26 08:18:02,731 INFO replay: 340000 events sent
2026-02-26 08:18:43,756 INFO replay: 350000 events sent
2026-02-26 08:19:25,023 INFO replay: 360000 events sent
2026-02-26 08:20:06,239 INFO replay: 370000 events sent
2026-02-26 08:20:47,675 INFO replay: 380000 events sent
2026-02-26 08:21:28,646 INFO replay: 390000 events sent
2026-02-26 08:22:09,447 INFO replay: 400000 events sent
2026-02-26 08:22:50,719 INFO replay: 410000 events sent
2026-02-26 08:23:31,866 INFO replay: 420000 events sent
2026-02-26 08:24:13,171 INFO replay: 430000 events sent
2026-02-26 08:24:54,170 INFO replay: 440000 events sent
2026-02-26 08:25:34,911 INFO replay: 450000 events sent
2026-02-26 08:26:16,414 INFO replay: 460000 events sent
2026-02-26 08:26:57,551 INFO replay: 470000 events sent
2026-02-26 08:27:38,745 INFO replay: 480000 events sent
2026-02-26 08:28:19,646 INFO replay: 490000 events sent
2026-02-26 08:29:00,823 INFO replay: 500000 events sent
2026-02-26 08:29:41,966 INFO replay: 510000 events sent
2026-02-26 08:30:23,432 INFO replay: 520000 events sent
2026-02-26 08:31:04,532 INFO replay: 530000 events sent
2026-02-26 08:31:45,818 INFO replay: 540000 events sent
2026-02-26 08:32:26,674 INFO replay: 550000 events sent
2026-02-26 08:33:08,033 INFO replay: 560000 events sent
2026-02-26 08:33:50,295 INFO replay: 570000 events sent
2026-02-26 08:34:31,995 INFO replay: 580000 events sent
2026-02-26 08:35:13,732 INFO replay: 590000 events sent
2026-02-26 08:35:55,054 INFO replay: 600000 events sent
2026-02-26 08:36:36,241 INFO replay: 610000 events sent
2026-02-26 08:37:17,100 INFO replay: 620000 events sent
2026-02-26 08:37:57,796 INFO replay: 630000 events sent
2026-02-26 08:38:39,337 INFO replay: 640000 events sent
2026-02-26 08:39:20,308 INFO replay: 650000 events sent
2026-02-26 08:40:01,655 INFO replay: 660000 events sent
2026-02-26 08:40:42,507 INFO replay: 670000 events sent
2026-02-26 08:41:23,581 INFO replay: 680000 events sent
2026-02-26 08:42:04,742 INFO replay: 690000 events sent
2026-02-26 08:42:45,609 INFO replay: 700000 events sent
2026-02-26 08:43:26,426 INFO replay: 710000 events sent
2026-02-26 08:44:07,778 INFO replay: 720000 events sent
2026-02-26 08:44:49,317 INFO replay: 730000 events sent
2026-02-26 08:45:30,195 INFO replay: 740000 events sent
2026-02-26 08:46:10,901 INFO replay: 750000 events sent
2026-02-26 08:46:50,602 INFO replay: 760000 events sent
2026-02-26 08:47:02,756 INFO replay done: 763144 events sent
2026-02-26 08:47:02,756 INFO replay: test_data/beth/run_all_20260226_125316/test.evt1 -> localhost:50051 (pace=fast)
2026-02-26 08:47:02,757 INFO tqdm not installed; replaying without progress bar
2026-02-26 08:47:44,732 INFO replay: 10000 events sent
2026-02-26 08:48:25,488 INFO replay: 20000 events sent
2026-02-26 08:49:06,994 INFO replay: 30000 events sent
2026-02-26 08:49:47,707 INFO replay: 40000 events sent
2026-02-26 08:50:27,519 INFO replay: 50000 events sent
2026-02-26 08:51:06,696 INFO replay: 60000 events sent
2026-02-26 08:51:46,141 INFO replay: 70000 events sent
2026-02-26 08:52:25,108 INFO replay: 80000 events sent
2026-02-26 08:53:04,754 INFO replay: 90000 events sent
2026-02-26 08:53:44,540 INFO replay: 100000 events sent
2026-02-26 08:54:23,756 INFO replay: 110000 events sent
2026-02-26 08:55:03,164 INFO replay: 120000 events sent
2026-02-26 08:55:42,557 INFO replay: 130000 events sent
2026-02-26 08:56:22,029 INFO replay: 140000 events sent
2026-02-26 08:57:01,298 INFO replay: 150000 events sent
2026-02-26 08:57:40,629 INFO replay: 160000 events sent
2026-02-26 08:58:20,349 INFO replay: 170000 events sent
2026-02-26 08:58:59,131 INFO replay: 180000 events sent
2026-02-26 08:59:33,787 INFO replay done: 188967 events sent
2026-02-26 08:59:41,577 INFO replay: test_data/beth/run_all_20260226_125316/train.evt1 -> localhost:50051 (pace=fast)
2026-02-26 08:59:41,577 INFO tqdm not installed; replaying without progress bar
2026-02-26 09:00:31,496 INFO replay: 10000 events sent
2026-02-26 09:01:12,832 INFO replay: 20000 events sent
2026-02-26 09:01:54,177 INFO replay: 30000 events sent
2026-02-26 09:02:35,531 INFO replay: 40000 events sent
2026-02-26 09:03:17,233 INFO replay: 50000 events sent
2026-02-26 09:03:58,996 INFO replay: 60000 events sent
2026-02-26 09:04:40,066 INFO replay: 70000 events sent
2026-02-26 09:05:21,050 INFO replay: 80000 events sent
2026-02-26 09:06:01,934 INFO replay: 90000 events sent
2026-02-26 09:06:42,736 INFO replay: 100000 events sent
2026-02-26 09:07:24,112 INFO replay: 110000 events sent
2026-02-26 09:08:05,901 INFO replay: 120000 events sent
2026-02-26 09:08:48,387 INFO replay: 130000 events sent
2026-02-26 09:09:29,804 INFO replay: 140000 events sent
2026-02-26 09:10:11,444 INFO replay: 150000 events sent
2026-02-26 09:10:52,631 INFO replay: 160000 events sent
2026-02-26 09:11:33,487 INFO replay: 170000 events sent
2026-02-26 09:12:14,111 INFO replay: 180000 events sent
2026-02-26 09:12:55,916 INFO replay: 190000 events sent
2026-02-26 09:13:37,641 INFO replay: 200000 events sent
2026-02-26 09:14:18,575 INFO replay: 210000 events sent
2026-02-26 09:15:00,048 INFO replay: 220000 events sent
2026-02-26 09:15:41,209 INFO replay: 230000 events sent
2026-02-26 09:16:22,242 INFO replay: 240000 events sent
2026-02-26 09:17:04,208 INFO replay: 250000 events sent
2026-02-26 09:17:45,375 INFO replay: 260000 events sent
2026-02-26 09:18:26,448 INFO replay: 270000 events sent
2026-02-26 09:19:08,560 INFO replay: 280000 events sent
2026-02-26 09:19:49,735 INFO replay: 290000 events sent
2026-02-26 09:20:31,032 INFO replay: 300000 events sent
2026-02-26 09:21:12,207 INFO replay: 310000 events sent
2026-02-26 09:21:53,501 INFO replay: 320000 events sent
2026-02-26 09:22:34,557 INFO replay: 330000 events sent
2026-02-26 09:23:15,553 INFO replay: 340000 events sent
2026-02-26 09:23:56,842 INFO replay: 350000 events sent
2026-02-26 09:24:38,293 INFO replay: 360000 events sent
2026-02-26 09:25:19,384 INFO replay: 370000 events sent
2026-02-26 09:26:00,617 INFO replay: 380000 events sent
2026-02-26 09:26:41,656 INFO replay: 390000 events sent
2026-02-26 09:27:23,530 INFO replay: 400000 events sent
2026-02-26 09:28:05,682 INFO replay: 410000 events sent
2026-02-26 09:28:47,370 INFO replay: 420000 events sent
2026-02-26 09:29:29,690 INFO replay: 430000 events sent
2026-02-26 09:30:10,562 INFO replay: 440000 events sent
2026-02-26 09:30:52,449 INFO replay: 450000 events sent
2026-02-26 09:31:34,834 INFO replay: 460000 events sent
